{"level":"info","message":"Project 1 API running on port 3001","timestamp":"2026-05-10T11:08:26.948Z"}
{"level":"info","message":"GET / requested","timestamp":"2026-05-10T11:08:40.570Z"}
{"level":"info","message":"GET / requested","timestamp":"2026-05-10T11:08:46.100Z"}
{"level":"info","message":"GET / requested","timestamp":"2026-05-10T11:10:23.313Z"}
{"level":"info","message":"Project 1 API running on port 3001","timestamp":"2026-05-10T11:10:29.368Z"}
{"level":"info","message":"Project 1 API running on port 3001","timestamp":"2026-05-15T10:48:22.947Z"}
{"level":"info","message":"GET /metrics requested","timestamp":"2026-05-15T10:49:17.917Z"}
{"level":"info","message":"GET /metrics 200 7.583 ms - -","timestamp":"2026-05-15T10:49:17.924Z"}
{"level":"info","message":"GET /favicon.ico 404 3.020 ms - 150","timestamp":"2026-05-15T10:49:17.974Z"}
{"level":"info","message":"GET / requested","timestamp":"2026-05-15T10:49:42.472Z"}
{"level":"info","message":"GET / 200 8.168 ms - 85","timestamp":"2026-05-15T10:49:42.481Z"}
{"level":"info","message":"GET /metrics requested","timestamp":"2026-05-15T11:00:52.272Z"}
{"level":"info","message":"GET /metrics 200 7.611 ms - -","timestamp":"2026-05-15T11:00:52.279Z"}
{"level":"info","message":"GET /metrics requested","timestamp":"2026-05-15T11:01:22.792Z"}
{"level":"info","message":"GET /metrics 200 3.867 ms - -","timestamp":"2026-05-15T11:01:22.796Z"}
{"level":"info","message":"GET /metrics requested","timestamp":"2026-05-15T11:01:23.986Z"}
{"level":"info","message":"GET /metrics 200 4.973 ms - -","timestamp":"2026-05-15T11:01:23.991Z"}
{"level":"info","message":"GET /metrics requested","timestamp":"2026-05-15T11:01:25.586Z"}
{"level":"info","message":"GET /metrics 200 3.833 ms - -","timestamp":"2026-05-15T11:01:25.591Z"}
{"level":"info","message":"Project 1 API running on port 3001","timestamp":"2026-05-15T11:05:00.411Z"}
{"level":"info","message":"GET /metrics requested","timestamp":"2026-05-15T11:05:07.030Z"}
{"level":"info","message":"GET /metrics 200 6.226 ms - -","timestamp":"2026-05-15T11:05:07.037Z"}
{"level":"info","message":"GET /metrics requested","timestamp":"2026-05-15T11:05:07.761Z"}
{"level":"info","message":"GET /metrics 200 5.404 ms - -","timestamp":"2026-05-15T11:05:07.766Z"}
{"level":"info","message":"GET /metrics requested","timestamp":"2026-05-15T11:05:08.551Z"}
{"level":"info","message":"GET /metrics 200 3.767 ms - -","timestamp":"2026-05-15T11:05:08.555Z"}
{"level":"info","message":"GET /metrics requested","timestamp":"2026-05-15T11:05:09.224Z"}
{"level":"info","message":"GET /metrics 200 3.846 ms - -","timestamp":"2026-05-15T11:05:09.228Z"}
{"level":"info","message":"GET /metrics requested","timestamp":"2026-05-15T11:05:32.644Z"}
{"level":"info","message":"GET /metrics 200 5.021 ms - -","timestamp":"2026-05-15T11:05:32.650Z"}
{"level":"info","message":"GET /metrics requested","timestamp":"2026-05-15T11:05:34.210Z"}
{"level":"info","message":"GET /metrics 200 2.149 ms - -","timestamp":"2026-05-15T11:05:34.213Z"}
{"level":"info","message":"GET /metrics requested","timestamp":"2026-05-15T11:05:34.984Z"}
{"level":"info","message":"GET /metrics 200 3.940 ms - -","timestamp":"2026-05-15T11:05:34.989Z"}
{"level":"info","message":"GET /metrics requested","timestamp":"2026-05-15T11:05:35.685Z"}
{"level":"info","message":"GET /metrics 200 2.446 ms - -","timestamp":"2026-05-15T11:05:35.688Z"}
{"level":"info","message":"GET /metrics requested","timestamp":"2026-05-15T11:05:36.455Z"}
{"level":"info","message":"GET /metrics 200 3.926 ms - -","timestamp":"2026-05-15T11:05:36.459Z"}
{"level":"info","message":"GET /metrics requested","timestamp":"2026-05-15T11:05:37.882Z"}
{"level":"info","message":"GET /metrics 200 2.302 ms - -","timestamp":"2026-05-15T11:05:37.885Z"}
{"level":"info","message":"GET /metrics requested","timestamp":"2026-05-15T11:05:38.564Z"}
{"level":"info","message":"GET /metrics 200 2.074 ms - -","timestamp":"2026-05-15T11:05:38.567Z"}
{"level":"info","message":"GET /metrics requested","timestamp":"2026-05-15T11:05:39.241Z"}
{"level":"info","message":"GET /metrics 200 3.162 ms - -","timestamp":"2026-05-15T11:05:39.245Z"}
{"level":"info","message":"GET /metrics requested","timestamp":"2026-05-15T11:05:40.596Z"}
{"level":"info","message":"GET /metrics 200 3.361 ms - -","timestamp":"2026-05-15T11:05:40.601Z"}
{"level":"info","message":"GET / requested","timestamp":"2026-05-15T11:05:49.548Z"}
{"level":"info","message":"GET / 304 7.867 ms - -","timestamp":"2026-05-15T11:05:49.556Z"}
